<?xml version="1.0" encoding="UTF-8"?>
<!-- Generated by org.testng.reporters.JUnitReportReporter -->
<testsuite hostname="MacBook-Pro-de-Alcides.local" name="mf.client.sampleTest" tests="1" failures="0" timestamp="25 Oct 2016 21:59:59 GMT" time="23.646" errors="0">
  <testcase name="testRegister" time="23.646" classname="mf.client.sampleTest"/>
</testsuite> <!-- mf.client.sampleTest -->
