<?xml version="1.0" encoding="UTF-8"?>
<!-- Generated by org.testng.reporters.JUnitReportReporter -->
<testsuite hostname="hp" name="com.stm.test.sampleTest" tests="1" failures="0" timestamp="24 May 2015 22:21:14 GMT" time="25.888" errors="0">
  <testcase name="testRegister" time="25.888" classname="com.stm.test.sampleTest"/>
</testsuite> <!-- com.stm.test.sampleTest -->
