<?xml version="1.0" encoding="UTF-8"?>
<!-- Generated by org.testng.reporters.JUnitReportReporter -->
<testsuite hostname="hp" name="mf.client.sampleTest" tests="1" failures="0" timestamp="6 Dec 2015 23:57:35 GMT" time="21.226" errors="0">
  <testcase name="testRegister" time="21.226" classname="mf.client.sampleTest"/>
</testsuite> <!-- mf.client.sampleTest -->
