<?xml version="1.0" encoding="UTF-8"?>
<!-- Generated by org.testng.reporters.JUnitReportReporter -->
<testsuite hostname="Danzelord-PC" name="com.stm.test.Sample0002" tests="1" failures="0" timestamp="8 Nov 2014 19:48:08 GMT" time="64.894" errors="0">
  <testcase name="testRegister" time="64.894" classname="com.stm.test.Sample0002"/>
</testsuite> <!-- com.stm.test.Sample0002 -->
