<?xml version="1.0" encoding="UTF-8"?>
<!-- Generated by org.testng.reporters.JUnitReportReporter -->
<testsuite hostname="Danzelord-PC" name="com.stm.test.Sample0001" tests="1" failures="0" timestamp="24 Oct 2014 11:58:10 GMT" time="7.760" errors="0">
  <testcase name="testRegister" time="7.760" classname="com.stm.test.Sample0001"/>
</testsuite> <!-- com.stm.test.Sample0001 -->
