<?xml version="1.0" encoding="UTF-8"?>
<!-- Generated by org.testng.reporters.JUnitReportReporter -->
<testsuite hostname="hp" name="mf.cliente.sampleTest" tests="1" failures="0" timestamp="31 Aug 2015 23:12:39 GMT" time="26.232" errors="0">
  <testcase name="testRegister" time="26.232" classname="mf.cliente.sampleTest"/>
</testsuite> <!-- mf.cliente.sampleTest -->
