<?xml version="1.0" encoding="UTF-8"?>
<!-- Generated by org.testng.reporters.JUnitReportReporter -->
<testsuite hostname="hp" name="mf.cliente.VisitorPageTest" tests="1" failures="0" timestamp="4 Oct 2015 18:09:12 GMT" time="30.168" errors="0">
  <testcase name="test1" time="30.168" classname="mf.cliente.VisitorPageTest"/>
</testsuite> <!-- mf.cliente.VisitorPageTest -->
