<?xml version="1.0" encoding="UTF-8"?>
<!-- Generated by org.testng.reporters.JUnitReportReporter -->
<testsuite hostname="MBP-de-Alcides" name="mf.client.VisitorPageTest" tests="1" failures="0" timestamp="25 Oct 2016 00:16:40 GMT" time="1.643" errors="0">
  <testcase name="test1" time="1.643" classname="mf.client.VisitorPageTest"/>
</testsuite> <!-- mf.client.VisitorPageTest -->
